<?xml version="1.0" encoding="UTF-8"?>
<coverage generated="1689091287925" clover="3.2.0">
  <project timestamp="1689091287925" name="All files">
    <metrics statements="31" coveredstatements="31" conditionals="4" coveredconditionals="3" methods="14" coveredmethods="14" elements="49" coveredelements="48" complexity="0" loc="31" ncloc="31" packages="1" files="1" classes="1"/>
    <file name="orderService.ts" path="G:\Robota\laragon\www\gymbeam-casestudy\src\services\orderService.ts">
      <metrics statements="31" coveredstatements="31" conditionals="4" coveredconditionals="3" methods="14" coveredmethods="14"/>
      <line num="2" count="1" type="stmt"/>
      <line num="4" count="1" type="stmt"/>
      <line num="5" count="10" type="stmt"/>
      <line num="6" count="10" type="stmt"/>
      <line num="7" count="10" type="stmt"/>
      <line num="8" count="10" type="stmt"/>
      <line num="10" count="1" type="stmt"/>
      <line num="11" count="2" type="stmt"/>
      <line num="12" count="2" type="stmt"/>
      <line num="13" count="5" type="stmt"/>
      <line num="15" count="2" type="stmt"/>
      <line num="18" count="1" type="stmt"/>
      <line num="19" count="6" type="stmt"/>
      <line num="22" count="1" type="stmt"/>
      <line num="23" count="4" type="stmt"/>
      <line num="26" count="1" type="stmt"/>
      <line num="27" count="1" type="stmt"/>
      <line num="28" count="3" type="stmt"/>
      <line num="29" count="2" type="stmt"/>
      <line num="32" count="1" type="stmt"/>
      <line num="33" count="4" type="stmt"/>
      <line num="38" count="1" type="stmt"/>
      <line num="39" count="6" type="stmt"/>
      <line num="40" count="6" type="stmt"/>
      <line num="41" count="6" type="stmt"/>
      <line num="44" count="4" type="stmt"/>
      <line num="45" count="1" type="stmt"/>
      <line num="47" count="1" type="stmt"/>
      <line num="50" count="1" type="stmt"/>
      <line num="51" count="1" type="stmt"/>
      <line num="54" count="1" type="cond" truecount="1" falsecount="1"/>
    </file>
  </project>
</coverage>
