{"G:\\Robota\\laragon\\www\\gymbeam-casestudy\\src\\services\\orderService.ts": {"path":"G:\\Robota\\laragon\\www\\gymbeam-casestudy\\src\\services\\orderService.ts","statementMap":{"0":{"start":{"line":2,"column":0},"end":{"line":2,"column":26}},"1":{"start":{"line":4,"column":49},"end":{"line":9,"column":1}},"2":{"start":{"line":5,"column":15},"end":{"line":5,"column":24}},"3":{"start":{"line":6,"column":15},"end":{"line":6,"column":24}},"4":{"start":{"line":7,"column":15},"end":{"line":7,"column":24}},"5":{"start":{"line":8,"column":4},"end":{"line":8,"column":50}},"6":{"start":{"line":4,"column":13},"end":{"line":4,"column":49}},"7":{"start":{"line":10,"column":38},"end":{"line":16,"column":1}},"8":{"start":{"line":11,"column":24},"end":{"line":11,"column":25}},"9":{"start":{"line":12,"column":4},"end":{"line":14,"column":null}},"10":{"start":{"line":12,"column":17},"end":{"line":12,"column":18}},"11":{"start":{"line":13,"column":8},"end":{"line":13,"column":91}},"12":{"start":{"line":15,"column":4},"end":{"line":15,"column":25}},"13":{"start":{"line":10,"column":13},"end":{"line":10,"column":38}},"14":{"start":{"line":18,"column":27},"end":{"line":20,"column":1}},"15":{"start":{"line":19,"column":4},"end":{"line":19,"column":63}},"16":{"start":{"line":19,"column":40},"end":{"line":19,"column":61}},"17":{"start":{"line":18,"column":13},"end":{"line":18,"column":27}},"18":{"start":{"line":22,"column":43},"end":{"line":24,"column":1}},"19":{"start":{"line":23,"column":4},"end":{"line":23,"column":100}},"20":{"start":{"line":22,"column":13},"end":{"line":22,"column":43}},"21":{"start":{"line":26,"column":40},"end":{"line":30,"column":1}},"22":{"start":{"line":27,"column":4},"end":{"line":29,"column":71}},"23":{"start":{"line":28,"column":25},"end":{"line":28,"column":70}},"24":{"start":{"line":29,"column":24},"end":{"line":29,"column":69}},"25":{"start":{"line":26,"column":13},"end":{"line":26,"column":40}},"26":{"start":{"line":32,"column":34},"end":{"line":48,"column":1}},"27":{"start":{"line":33,"column":45},"end":{"line":36,"column":7}},"28":{"start":{"line":33,"column":86},"end":{"line":36,"column":6}},"29":{"start":{"line":38,"column":4},"end":{"line":42,"column":7}},"30":{"start":{"line":39,"column":43},"end":{"line":39,"column":68}},"31":{"start":{"line":40,"column":43},"end":{"line":40,"column":68}},"32":{"start":{"line":41,"column":8},"end":{"line":41,"column":77}},"33":{"start":{"line":44,"column":44},"end":{"line":44,"column":118}},"34":{"start":{"line":44,"column":89},"end":{"line":44,"column":117}},"35":{"start":{"line":45,"column":29},"end":{"line":45,"column":65}},"36":{"start":{"line":47,"column":4},"end":{"line":47,"column":38}},"37":{"start":{"line":32,"column":13},"end":{"line":32,"column":34}},"38":{"start":{"line":50,"column":35},"end":{"line":55,"column":null}},"39":{"start":{"line":50,"column":88},"end":{"line":55,"column":null}},"40":{"start":{"line":51,"column":25},"end":{"line":53,"column":6}},"41":{"start":{"line":54,"column":4},"end":{"line":54,"column":64}},"42":{"start":{"line":50,"column":13},"end":{"line":50,"column":35}}},"fnMap":{"0":{"name":"(anonymous_8)","decl":{"start":{"line":4,"column":49},"end":{"line":4,"column":50}},"loc":{"start":{"line":4,"column":80},"end":{"line":9,"column":1}}},"1":{"name":"(anonymous_9)","decl":{"start":{"line":10,"column":38},"end":{"line":10,"column":39}},"loc":{"start":{"line":10,"column":79},"end":{"line":16,"column":1}}},"2":{"name":"(anonymous_10)","decl":{"start":{"line":18,"column":27},"end":{"line":18,"column":28}},"loc":{"start":{"line":18,"column":79},"end":{"line":20,"column":1}}},"3":{"name":"(anonymous_11)","decl":{"start":{"line":19,"column":28},"end":{"line":19,"column":36}},"loc":{"start":{"line":19,"column":40},"end":{"line":19,"column":61}}},"4":{"name":"(anonymous_12)","decl":{"start":{"line":22,"column":43},"end":{"line":22,"column":44}},"loc":{"start":{"line":22,"column":105},"end":{"line":24,"column":1}}},"5":{"name":"(anonymous_13)","decl":{"start":{"line":26,"column":40},"end":{"line":26,"column":41}},"loc":{"start":{"line":26,"column":107},"end":{"line":30,"column":1}}},"6":{"name":"(anonymous_14)","decl":{"start":{"line":28,"column":13},"end":{"line":28,"column":21}},"loc":{"start":{"line":28,"column":25},"end":{"line":28,"column":70}}},"7":{"name":"(anonymous_15)","decl":{"start":{"line":29,"column":14},"end":{"line":29,"column":15}},"loc":{"start":{"line":29,"column":24},"end":{"line":29,"column":69}}},"8":{"name":"(anonymous_16)","decl":{"start":{"line":32,"column":34},"end":{"line":32,"column":35}},"loc":{"start":{"line":32,"column":86},"end":{"line":48,"column":1}}},"9":{"name":"(anonymous_17)","decl":{"start":{"line":33,"column":72},"end":{"line":33,"column":81}},"loc":{"start":{"line":33,"column":86},"end":{"line":36,"column":6}}},"10":{"name":"(anonymous_18)","decl":{"start":{"line":38,"column":22},"end":{"line":38,"column":23}},"loc":{"start":{"line":38,"column":67},"end":{"line":42,"column":5}}},"11":{"name":"(anonymous_19)","decl":{"start":{"line":44,"column":61},"end":{"line":44,"column":62}},"loc":{"start":{"line":44,"column":89},"end":{"line":44,"column":117}}},"12":{"name":"(anonymous_20)","decl":{"start":{"line":50,"column":35},"end":{"line":50,"column":41}},"loc":{"start":{"line":50,"column":88},"end":{"line":55,"column":null}}},"13":{"name":"(anonymous_21)","decl":{"start":{"line":50,"column":88},"end":{"line":50,"column":null}},"loc":{"start":{"line":50,"column":88},"end":{"line":55,"column":1}}}},"branchMap":{"0":{"loc":{"start":{"line":52,"column":32},"end":{"line":52,"column":65}},"type":"binary-expr","locations":[{"start":{"line":52,"column":32},"end":{"line":52,"column":59}},{"start":{"line":52,"column":63},"end":{"line":52,"column":65}}]},"1":{"loc":{"start":{"line":54,"column":11},"end":{"line":54,"column":63}},"type":"cond-expr","locations":[{"start":{"line":54,"column":41},"end":{"line":54,"column":58}},{"start":{"line":54,"column":61},"end":{"line":54,"column":63}}]}},"s":{"0":1,"1":1,"2":10,"3":10,"4":10,"5":10,"6":1,"7":1,"8":2,"9":2,"10":2,"11":5,"12":2,"13":1,"14":1,"15":2,"16":6,"17":1,"18":1,"19":4,"20":1,"21":1,"22":1,"23":3,"24":2,"25":1,"26":1,"27":1,"28":4,"29":1,"30":6,"31":6,"32":6,"33":1,"34":4,"35":1,"36":1,"37":1,"38":1,"39":1,"40":1,"41":1,"42":1},"f":{"0":10,"1":2,"2":2,"3":6,"4":4,"5":1,"6":3,"7":2,"8":1,"9":4,"10":6,"11":4,"12":1,"13":1},"b":{"0":[1,1],"1":[1,0]}}
}
