TN:
SF:src\services\orderService.ts
FN:4,(anonymous_8)
FN:10,(anonymous_9)
FN:18,(anonymous_10)
FN:19,(anonymous_11)
FN:22,(anonymous_12)
FN:26,(anonymous_13)
FN:28,(anonymous_14)
FN:29,(anonymous_15)
FN:32,(anonymous_16)
FN:33,(anonymous_17)
FN:38,(anonymous_18)
FN:44,(anonymous_19)
FN:50,(anonymous_20)
FN:50,(anonymous_21)
FNF:14
FNH:14
FNDA:10,(anonymous_8)
FNDA:2,(anonymous_9)
FNDA:2,(anonymous_10)
FNDA:6,(anonymous_11)
FNDA:4,(anonymous_12)
FNDA:1,(anonymous_13)
FNDA:3,(anonymous_14)
FNDA:2,(anonymous_15)
FNDA:1,(anonymous_16)
FNDA:4,(anonymous_17)
FNDA:6,(anonymous_18)
FNDA:4,(anonymous_19)
FNDA:1,(anonymous_20)
FNDA:1,(anonymous_21)
DA:2,1
DA:4,1
DA:5,10
DA:6,10
DA:7,10
DA:8,10
DA:10,1
DA:11,2
DA:12,2
DA:13,5
DA:15,2
DA:18,1
DA:19,6
DA:22,1
DA:23,4
DA:26,1
DA:27,1
DA:28,3
DA:29,2
DA:32,1
DA:33,4
DA:38,1
DA:39,6
DA:40,6
DA:41,6
DA:44,4
DA:45,1
DA:47,1
DA:50,1
DA:51,1
DA:54,1
LF:31
LH:31
BRDA:52,0,0,1
BRDA:52,0,1,1
BRDA:54,1,0,1
BRDA:54,1,1,0
BRF:4
BRH:3
end_of_record
